<?xml version="1.0" encoding="UTF-8"?>
<testsuite name="Inicio de sesión exitoso" tests="2" skipped="0" failures="0" errors="0" timestamp="2025-12-03T03:49:59" hostname="DESKTOP-L7TKQKA" time="19.522">
  <properties/>
  <testcase name="Usuario inicia sesión con credenciales válidas" classname="Inicio de sesión exitoso" time="12.552"/>
  <testcase name="Usuario intenta iniciar sesión con credenciales inválidas" classname="Inicio de sesión exitoso" time="6.97"/>
  <system-out><![CDATA[CC
]]></system-out>
  <system-err><![CDATA[[Test worker] INFO  - 
  _____   ___   ___   _____     ___   _____     _     ___   _____   ___   ___  
 |_   _| | __| / __| |_   _|   / __| |_   _|   /_\   | _ \ |_   _| | __| |   \ 
   | |   | _|  \__ \   | |     \__ \   | |    / _ \  |   /   | |   | _|  | |) |
   |_|   |___| |___/   |_|     |___/   |_|   /_/ \_\ |_|_\   |_|   |___| |___/ 

Usuario inicia sesión con credenciales válidas(inicio-de-sesión-exitoso;usuario-inicia-sesión-con-credenciales-válidas)
--------------------------------------------------------------------------------
[Test worker] INFO net.serenitybdd.core.webdriver.driverproviders.ChromeDriverProvider - Starting Chrome driver instance with capabilities:
[Test worker] INFO net.serenitybdd.core.webdriver.driverproviders.ChromeDriverProvider - Capabilities {acceptInsecureCerts: true, browserName: chrome, goog:chromeOptions: {args: [--start-maximized, --test-type, --no-sandbox, --ignore-certificate-errors, \r\n                   --di..., --disable-default-apps, --disable-extensions-file-a..., \r\n                   --in..., --disable-infobars,--disabl..., --remote-allow-origins=*], extensions: []}}
dic. 02, 2025 10:50:00 P. M. org.openqa.selenium.devtools.CdpVersionFinder findNearestMatch
ADVERTENCIA: Unable to find CDP implementation matching 142
dic. 02, 2025 10:50:00 P. M. org.openqa.selenium.chromium.ChromiumDriver lambda$new$5
ADVERTENCIA: Unable to find version of CDP to use for 142.0.7444.176. You may need to include a dependency on a specific version of the CDP using something similar to `org.seleniumhq.selenium:selenium-devtools-v86:4.16.1` where the version ("v86") matches the version of the chromium-based browser you're using and the version number of the artifact is the same as Selenium's.
[Test worker] INFO  - ?[92m
  _____   ___   ___   _____     ___     _     ___   ___   ___   ___  
 |_   _| | __| / __| |_   _|   | _ \   /_\   / __| / __| | __| |   \ 
   | |   | _|  \__ \   | |     |  _/  / _ \  \__ \ \__ \ | _|  | |) |
   |_|   |___| |___/   |_|     |_|   /_/ \_\ |___/ |___/ |___| |___/ 

Usuario inicia sesión con credenciales válidas
----------------------------------------------------------------------?[0m
[Test worker] INFO  - 
  _____   ___   ___   _____     ___   _____     _     ___   _____   ___   ___  
 |_   _| | __| / __| |_   _|   / __| |_   _|   /_\   | _ \ |_   _| | __| |   \ 
   | |   | _|  \__ \   | |     \__ \   | |    / _ \  |   /   | |   | _|  | |) |
   |_|   |___| |___/   |_|     |___/   |_|   /_/ \_\ |_|_\   |_|   |___| |___/ 

Usuario intenta iniciar sesión con credenciales inválidas(inicio-de-sesión-exitoso;usuario-intenta-iniciar-sesión-con-credenciales-inválidas)
--------------------------------------------------------------------------------
[Test worker] INFO  - ?[92m
  _____   ___   ___   _____     ___     _     ___   ___   ___   ___  
 |_   _| | __| / __| |_   _|   | _ \   /_\   / __| / __| | __| |   \ 
   | |   | _|  \__ \   | |     |  _/  / _ \  \__ \ \__ \ | _|  | |) |
   |_|   |___| |___/   |_|     |_|   /_/ \_\ |___/ |___/ |___| |___/ 

Usuario intenta iniciar sesión con credenciales inválidas
----------------------------------------------------------------------?[0m
]]></system-err>
</testsuite>
