<?xml version="1.0" encoding="UTF-8"?>
<testsuite name="Responder comentarios" tests="2" skipped="0" failures="2" errors="0" timestamp="2025-12-03T03:50:18" hostname="DESKTOP-L7TKQKA" time="2.742">
  <properties/>
  <testcase name="Respuesta exitosa a un comentario" classname="Responder comentarios" time="2.698">
    <failure message="io.cucumber.junit.UndefinedStepException: The step 'se encuentra visualizando un comentario en un evento' and 3 other step(s) are undefined.&#10;You can implement these steps using the snippet(s) below:&#10;&#10;@Given(&quot;se encuentra visualizando un comentario en un evento&quot;)&#10;public void seEncuentraVisualizandoUnComentarioEnUnEvento() {&#10;    // Write code here that turns the phrase above into concrete actions&#10;    throw new io.cucumber.java.PendingException();&#10;}&#10;@When(&quot;escribe una respuesta y envía el mensaje&quot;)&#10;public void escribeUnaRespuestaYEnvíaElMensaje() {&#10;    // Write code here that turns the phrase above into concrete actions&#10;    throw new io.cucumber.java.PendingException();&#10;}&#10;@Then(&quot;la respuesta queda anidada al comentario original&quot;)&#10;public void laRespuestaQuedaAnidadaAlComentarioOriginal() {&#10;    // Write code here that turns the phrase above into concrete actions&#10;    throw new io.cucumber.java.PendingException();&#10;}&#10;@Then(&quot;la respuesta se muestra inmediatamente en el hilo del comentario&quot;)&#10;public void laRespuestaSeMuestraInmediatamenteEnElHiloDelComentario() {&#10;    // Write code here that turns the phrase above into concrete actions&#10;    throw new io.cucumber.java.PendingException();&#10;}&#10;" type="io.cucumber.junit.UndefinedStepException">io.cucumber.junit.UndefinedStepException: The step 'se encuentra visualizando un comentario en un evento' and 3 other step(s) are undefined.
You can implement these steps using the snippet(s) below:

@Given(&quot;se encuentra visualizando un comentario en un evento&quot;)
public void seEncuentraVisualizandoUnComentarioEnUnEvento() {
    // Write code here that turns the phrase above into concrete actions
    throw new io.cucumber.java.PendingException();
}
@When(&quot;escribe una respuesta y envía el mensaje&quot;)
public void escribeUnaRespuestaYEnvíaElMensaje() {
    // Write code here that turns the phrase above into concrete actions
    throw new io.cucumber.java.PendingException();
}
@Then(&quot;la respuesta queda anidada al comentario original&quot;)
public void laRespuestaQuedaAnidadaAlComentarioOriginal() {
    // Write code here that turns the phrase above into concrete actions
    throw new io.cucumber.java.PendingException();
}
@Then(&quot;la respuesta se muestra inmediatamente en el hilo del comentario&quot;)
public void laRespuestaSeMuestraInmediatamenteEnElHiloDelComentario() {
    // Write code here that turns the phrase above into concrete actions
    throw new io.cucumber.java.PendingException();
}

</failure>
  </testcase>
  <testcase name="Respuesta sin autentificación" classname="Responder comentarios" time="0.044">
    <failure message="io.cucumber.junit.UndefinedStepException: The step 'que el usuario no está autenticado' and 3 other step(s) are undefined.&#10;You can implement these steps using the snippet(s) below:&#10;&#10;@Given(&quot;que el usuario no está autenticado&quot;)&#10;public void queElUsuarioNoEstáAutenticado() {&#10;    // Write code here that turns the phrase above into concrete actions&#10;    throw new io.cucumber.java.PendingException();&#10;}&#10;@When(&quot;intenta responder un comentario&quot;)&#10;public void intentaResponderUnComentario() {&#10;    // Write code here that turns the phrase above into concrete actions&#10;    throw new io.cucumber.java.PendingException();&#10;}&#10;@Then(&quot;se muestra un mensaje indicando que debe iniciar sesión&quot;)&#10;public void seMuestraUnMensajeIndicandoQueDebeIniciarSesión() {&#10;    // Write code here that turns the phrase above into concrete actions&#10;    throw new io.cucumber.java.PendingException();&#10;}&#10;@Then(&quot;no se permite enviar la respuesta&quot;)&#10;public void noSePermiteEnviarLaRespuesta() {&#10;    // Write code here that turns the phrase above into concrete actions&#10;    throw new io.cucumber.java.PendingException();&#10;}&#10;" type="io.cucumber.junit.UndefinedStepException">io.cucumber.junit.UndefinedStepException: The step 'que el usuario no está autenticado' and 3 other step(s) are undefined.
You can implement these steps using the snippet(s) below:

@Given(&quot;que el usuario no está autenticado&quot;)
public void queElUsuarioNoEstáAutenticado() {
    // Write code here that turns the phrase above into concrete actions
    throw new io.cucumber.java.PendingException();
}
@When(&quot;intenta responder un comentario&quot;)
public void intentaResponderUnComentario() {
    // Write code here that turns the phrase above into concrete actions
    throw new io.cucumber.java.PendingException();
}
@Then(&quot;se muestra un mensaje indicando que debe iniciar sesión&quot;)
public void seMuestraUnMensajeIndicandoQueDebeIniciarSesión() {
    // Write code here that turns the phrase above into concrete actions
    throw new io.cucumber.java.PendingException();
}
@Then(&quot;no se permite enviar la respuesta&quot;)
public void noSePermiteEnviarLaRespuesta() {
    // Write code here that turns the phrase above into concrete actions
    throw new io.cucumber.java.PendingException();
}

</failure>
  </testcase>
  <system-out><![CDATA[]]></system-out>
  <system-err><![CDATA[[Test worker] INFO  - 
  _____   ___   ___   _____     ___   _____     _     ___   _____   ___   ___  
 |_   _| | __| / __| |_   _|   / __| |_   _|   /_\   | _ \ |_   _| | __| |   \ 
   | |   | _|  \__ \   | |     \__ \   | |    / _ \  |   /   | |   | _|  | |) |
   |_|   |___| |___/   |_|     |___/   |_|   /_/ \_\ |_|_\   |_|   |___| |___/ 

Respuesta exitosa a un comentario(responder-comentarios;respuesta-exitosa-a-un-comentario)
--------------------------------------------------------------------------------
[Test worker] INFO net.serenitybdd.core.webdriver.driverproviders.ChromeDriverProvider - Starting Chrome driver instance with capabilities:
[Test worker] INFO net.serenitybdd.core.webdriver.driverproviders.ChromeDriverProvider - Capabilities {acceptInsecureCerts: true, browserName: chrome, goog:chromeOptions: {args: [--start-maximized, --test-type, --no-sandbox, --ignore-certificate-errors, \r\n                   --di..., --disable-default-apps, --disable-extensions-file-a..., \r\n                   --in..., --disable-infobars,--disabl..., --remote-allow-origins=*], extensions: []}}
dic. 02, 2025 10:50:19 P. M. org.openqa.selenium.devtools.CdpVersionFinder findNearestMatch
ADVERTENCIA: Unable to find CDP implementation matching 142
dic. 02, 2025 10:50:19 P. M. org.openqa.selenium.chromium.ChromiumDriver lambda$new$5
ADVERTENCIA: Unable to find version of CDP to use for 142.0.7444.176. You may need to include a dependency on a specific version of the CDP using something similar to `org.seleniumhq.selenium:selenium-devtools-v86:4.16.1` where the version ("v86") matches the version of the chromium-based browser you're using and the version number of the artifact is the same as Selenium's.
[Test worker] INFO  - ?[96m
  _____   ___   ___   _____     ___   ___   _  _   ___    ___   _  _    ___ 
 |_   _| | __| / __| |_   _|   | _ \ | __| | \| | |   \  |_ _| | \| |  / __|
   | |   | _|  \__ \   | |     |  _/ | _|  | .` | | |) |  | |  | .` | | (_ |
   |_|   |___| |___/   |_|     |_|   |___| |_|\_| |___/  |___| |_|\_|  \___|

Respuesta exitosa a un comentario
-----------------------------------------------------------------------------?[0m
[Test worker] INFO  - 
  _____   ___   ___   _____     ___   _____     _     ___   _____   ___   ___  
 |_   _| | __| / __| |_   _|   / __| |_   _|   /_\   | _ \ |_   _| | __| |   \ 
   | |   | _|  \__ \   | |     \__ \   | |    / _ \  |   /   | |   | _|  | |) |
   |_|   |___| |___/   |_|     |___/   |_|   /_/ \_\ |_|_\   |_|   |___| |___/ 

Respuesta sin autentificación(responder-comentarios;respuesta-sin-autentificación)
--------------------------------------------------------------------------------
[Test worker] INFO  - ?[96m
  _____   ___   ___   _____     ___   ___   _  _   ___    ___   _  _    ___ 
 |_   _| | __| / __| |_   _|   | _ \ | __| | \| | |   \  |_ _| | \| |  / __|
   | |   | _|  \__ \   | |     |  _/ | _|  | .` | | |) |  | |  | .` | | (_ |
   |_|   |___| |___/   |_|     |_|   |___| |_|\_| |___/  |___| |_|\_|  \___|

Respuesta sin autentificación
-----------------------------------------------------------------------------?[0m
]]></system-err>
</testsuite>
