<?xml version="1.0" encoding="UTF-8"?>
<testsuite name="Inicio de sesión exitoso" tests="3" skipped="0" failures="3" errors="0" timestamp="2025-11-25T18:35:47.729Z" hostname="DESKTOP-TC2C6S1" time="14.037">
  <properties/>
  <testcase name="Usuario inicia sesión con credenciales válidas" classname="Inicio de sesión exitoso" time="9.716">
    <failure message="io.cucumber.junit.UndefinedStepException: The step 'el acceso es concedido' and 2 other step(s) are undefined.&#10;You can implement these steps using the snippet(s) below:&#10;&#10;@Then(&quot;el acceso es concedido&quot;)&#10;public void elAccesoEsConcedido() {&#10;    // Write code here that turns the phrase above into concrete actions&#10;    throw new io.cucumber.java.PendingException();&#10;}&#10;@Then(&quot;es redirigido a la página principal&quot;)&#10;public void esRedirigidoALaPáginaPrincipal() {&#10;    // Write code here that turns the phrase above into concrete actions&#10;    throw new io.cucumber.java.PendingException();&#10;}&#10;@Then(&quot;la sesión permanece activa hasta que decida cerrarla&quot;)&#10;public void laSesiónPermaneceActivaHastaQueDecidaCerrarla() {&#10;    // Write code here that turns the phrase above into concrete actions&#10;    throw new io.cucumber.java.PendingException();&#10;}&#10;" type="io.cucumber.junit.UndefinedStepException">io.cucumber.junit.UndefinedStepException: The step 'el acceso es concedido' and 2 other step(s) are undefined.
You can implement these steps using the snippet(s) below:

@Then(&quot;el acceso es concedido&quot;)
public void elAccesoEsConcedido() {
    // Write code here that turns the phrase above into concrete actions
    throw new io.cucumber.java.PendingException();
}
@Then(&quot;es redirigido a la página principal&quot;)
public void esRedirigidoALaPáginaPrincipal() {
    // Write code here that turns the phrase above into concrete actions
    throw new io.cucumber.java.PendingException();
}
@Then(&quot;la sesión permanece activa hasta que decida cerrarla&quot;)
public void laSesiónPermaneceActivaHastaQueDecidaCerrarla() {
    // Write code here that turns the phrase above into concrete actions
    throw new io.cucumber.java.PendingException();
}

</failure>
  </testcase>
  <testcase name="Usuario intenta iniciar sesión con credenciales inválidas" classname="Inicio de sesión exitoso" time="4.225">
    <failure message="io.cucumber.junit.UndefinedStepException: The step 'intenta iniciar sesión' and 2 other step(s) are undefined.&#10;You can implement these steps using the snippet(s) below:&#10;&#10;@When(&quot;intenta iniciar sesión&quot;)&#10;public void intentaIniciarSesión() {&#10;    // Write code here that turns the phrase above into concrete actions&#10;    throw new io.cucumber.java.PendingException();&#10;}&#10;@Then(&quot;el sistema rechaza el intento de acceso&quot;)&#10;public void elSistemaRechazaElIntentoDeAcceso() {&#10;    // Write code here that turns the phrase above into concrete actions&#10;    throw new io.cucumber.java.PendingException();&#10;}&#10;@Then(&quot;muestra un mensaje de error {string}&quot;)&#10;public void muestraUnMensajeDeError(String string) {&#10;    // Write code here that turns the phrase above into concrete actions&#10;    throw new io.cucumber.java.PendingException();&#10;}&#10;" type="io.cucumber.junit.UndefinedStepException">io.cucumber.junit.UndefinedStepException: The step 'intenta iniciar sesión' and 2 other step(s) are undefined.
You can implement these steps using the snippet(s) below:

@When(&quot;intenta iniciar sesión&quot;)
public void intentaIniciarSesión() {
    // Write code here that turns the phrase above into concrete actions
    throw new io.cucumber.java.PendingException();
}
@Then(&quot;el sistema rechaza el intento de acceso&quot;)
public void elSistemaRechazaElIntentoDeAcceso() {
    // Write code here that turns the phrase above into concrete actions
    throw new io.cucumber.java.PendingException();
}
@Then(&quot;muestra un mensaje de error {string}&quot;)
public void muestraUnMensajeDeError(String string) {
    // Write code here that turns the phrase above into concrete actions
    throw new io.cucumber.java.PendingException();
}

</failure>
  </testcase>
  <testcase name="Usuario accede con sesión activa sin volver a iniciar sesión" classname="Inicio de sesión exitoso" time="0.095">
    <failure message="io.cucumber.junit.UndefinedStepException: The step 'que el usuario tiene una sesión activa en la plataforma' and 3 other step(s) are undefined.&#10;You can implement these steps using the snippet(s) below:&#10;&#10;@Given(&quot;que el usuario tiene una sesión activa en la plataforma&quot;)&#10;public void queElUsuarioTieneUnaSesiónActivaEnLaPlataforma() {&#10;    // Write code here that turns the phrase above into concrete actions&#10;    throw new io.cucumber.java.PendingException();&#10;}&#10;@When(&quot;accede nuevamente sin haber cerrado sesión&quot;)&#10;public void accedeNuevamenteSinHaberCerradoSesión() {&#10;    // Write code here that turns the phrase above into concrete actions&#10;    throw new io.cucumber.java.PendingException();&#10;}&#10;@Then(&quot;el sistema omite el inicio de sesión&quot;)&#10;public void elSistemaOmiteElInicioDeSesión() {&#10;    // Write code here that turns the phrase above into concrete actions&#10;    throw new io.cucumber.java.PendingException();&#10;}&#10;@Then(&quot;dirige al usuario directamente a la página principal&quot;)&#10;public void dirigeAlUsuarioDirectamenteALaPáginaPrincipal() {&#10;    // Write code here that turns the phrase above into concrete actions&#10;    throw new io.cucumber.java.PendingException();&#10;}&#10;" type="io.cucumber.junit.UndefinedStepException">io.cucumber.junit.UndefinedStepException: The step 'que el usuario tiene una sesión activa en la plataforma' and 3 other step(s) are undefined.
You can implement these steps using the snippet(s) below:

@Given(&quot;que el usuario tiene una sesión activa en la plataforma&quot;)
public void queElUsuarioTieneUnaSesiónActivaEnLaPlataforma() {
    // Write code here that turns the phrase above into concrete actions
    throw new io.cucumber.java.PendingException();
}
@When(&quot;accede nuevamente sin haber cerrado sesión&quot;)
public void accedeNuevamenteSinHaberCerradoSesión() {
    // Write code here that turns the phrase above into concrete actions
    throw new io.cucumber.java.PendingException();
}
@Then(&quot;el sistema omite el inicio de sesión&quot;)
public void elSistemaOmiteElInicioDeSesión() {
    // Write code here that turns the phrase above into concrete actions
    throw new io.cucumber.java.PendingException();
}
@Then(&quot;dirige al usuario directamente a la página principal&quot;)
public void dirigeAlUsuarioDirectamenteALaPáginaPrincipal() {
    // Write code here that turns the phrase above into concrete actions
    throw new io.cucumber.java.PendingException();
}

</failure>
  </testcase>
  <system-out><![CDATA[]]></system-out>
  <system-err><![CDATA[[Test worker] INFO  - 
  _____   ___   ___   _____     ___   _____     _     ___   _____   ___   ___  
 |_   _| | __| / __| |_   _|   / __| |_   _|   /_\   | _ \ |_   _| | __| |   \ 
   | |   | _|  \__ \   | |     \__ \   | |    / _ \  |   /   | |   | _|  | |) |
   |_|   |___| |___/   |_|     |___/   |_|   /_/ \_\ |_|_\   |_|   |___| |___/ 

Usuario inicia sesión con credenciales válidas(inicio-de-sesión-exitoso;usuario-inicia-sesión-con-credenciales-válidas)
--------------------------------------------------------------------------------
[Test worker] INFO net.serenitybdd.core.webdriver.driverproviders.ChromeDriverProvider - Starting Chrome driver instance with capabilities:
[Test worker] INFO net.serenitybdd.core.webdriver.driverproviders.ChromeDriverProvider - Capabilities {acceptInsecureCerts: true, browserName: chrome, goog:chromeOptions: {args: [--start-maximized, --test-type, --no-sandbox, --ignore-certificate-errors, \n                   --disa..., --disable-default-apps, --disable-extensions-file-a..., \n                   --inco..., --disable-infobars,--disabl..., --remote-allow-origins=*], extensions: []}}
nov. 25, 2025 1:35:51 P. M. org.openqa.selenium.devtools.CdpVersionFinder findNearestMatch
ADVERTENCIA: Unable to find CDP implementation matching 142
nov. 25, 2025 1:35:51 P. M. org.openqa.selenium.chromium.ChromiumDriver lambda$new$5
ADVERTENCIA: Unable to find version of CDP to use for 142.0.7444.176. You may need to include a dependency on a specific version of the CDP using something similar to `org.seleniumhq.selenium:selenium-devtools-v86:4.16.1` where the version ("v86") matches the version of the chromium-based browser you're using and the version number of the artifact is the same as Selenium's.
[Test worker] INFO  - ?[96m
  _____   ___   ___   _____     ___   ___   _  _   ___    ___   _  _    ___ 
 |_   _| | __| / __| |_   _|   | _ \ | __| | \| | |   \  |_ _| | \| |  / __|
   | |   | _|  \__ \   | |     |  _/ | _|  | .` | | |) |  | |  | .` | | (_ |
   |_|   |___| |___/   |_|     |_|   |___| |_|\_| |___/  |___| |_|\_|  \___|

Usuario inicia sesión con credenciales válidas
-----------------------------------------------------------------------------?[0m
[Test worker] INFO  - 
  _____   ___   ___   _____     ___   _____     _     ___   _____   ___   ___  
 |_   _| | __| / __| |_   _|   / __| |_   _|   /_\   | _ \ |_   _| | __| |   \ 
   | |   | _|  \__ \   | |     \__ \   | |    / _ \  |   /   | |   | _|  | |) |
   |_|   |___| |___/   |_|     |___/   |_|   /_/ \_\ |_|_\   |_|   |___| |___/ 

Usuario intenta iniciar sesión con credenciales inválidas(inicio-de-sesión-exitoso;usuario-intenta-iniciar-sesión-con-credenciales-inválidas)
--------------------------------------------------------------------------------
[Test worker] INFO  - ?[96m
  _____   ___   ___   _____     ___   ___   _  _   ___    ___   _  _    ___ 
 |_   _| | __| / __| |_   _|   | _ \ | __| | \| | |   \  |_ _| | \| |  / __|
   | |   | _|  \__ \   | |     |  _/ | _|  | .` | | |) |  | |  | .` | | (_ |
   |_|   |___| |___/   |_|     |_|   |___| |_|\_| |___/  |___| |_|\_|  \___|

Usuario intenta iniciar sesión con credenciales inválidas
-----------------------------------------------------------------------------?[0m
[Test worker] INFO  - 
  _____   ___   ___   _____     ___   _____     _     ___   _____   ___   ___  
 |_   _| | __| / __| |_   _|   / __| |_   _|   /_\   | _ \ |_   _| | __| |   \ 
   | |   | _|  \__ \   | |     \__ \   | |    / _ \  |   /   | |   | _|  | |) |
   |_|   |___| |___/   |_|     |___/   |_|   /_/ \_\ |_|_\   |_|   |___| |___/ 

Usuario accede con sesión activa sin volver a iniciar sesión(inicio-de-sesión-exitoso;usuario-accede-con-sesión-activa-sin-volver-a-iniciar-sesión)
--------------------------------------------------------------------------------
[Test worker] INFO  - ?[96m
  _____   ___   ___   _____     ___   ___   _  _   ___    ___   _  _    ___ 
 |_   _| | __| / __| |_   _|   | _ \ | __| | \| | |   \  |_ _| | \| |  / __|
   | |   | _|  \__ \   | |     |  _/ | _|  | .` | | |) |  | |  | .` | | (_ |
   |_|   |___| |___/   |_|     |_|   |___| |_|\_| |___/  |___| |_|\_|  \___|

Usuario accede con sesión activa sin volver a iniciar sesión
-----------------------------------------------------------------------------?[0m
]]></system-err>
</testsuite>
